<?xml version="1.0" encoding="UTF-8"?>
<!-- Generated by org.testng.reporters.JUnitXMLReporter -->
<testsuite ignored="0" hostname="naimchowdhury-pc" failures="1" tests="5" name="RegressionofEdge" time="54.222" errors="0" timestamp="2021-12-29T17:55:15 EST">
  <testcase classname="myfb.findelement" name="PropertiesOfMethod" time="0.001">
    <failure type="java.io.FileNotFoundException" message="C:\Users\naimu\git\repository\mrsaleemtraining\target\regrassion.properties (The system cannot find the file specified)">
      <![CDATA[java.io.FileNotFoundException: C:\Users\naimu\git\repository\mrsaleemtraining\target\regrassion.properties (The system cannot find the file specified)
at java.base/java.io.FileInputStream.open0(Native Method)
at java.base/java.io.FileInputStream.open(FileInputStream.java:216)
at java.base/java.io.FileInputStream.<init>(FileInputStream.java:157)
at java.base/java.io.FileInputStream.<init>(FileInputStream.java:111)
at myfb.findelement.PropertiesOfMethod(findelement.java:31)
at java.base/java.util.ArrayList.forEach(ArrayList.java:1511)
... Removed 27 stack frames]]>
    </failure>
  </testcase> <!-- PropertiesOfMethod -->
  <testcase classname="myfb.findelement" name="f" time="0.487"/>
  <testcase classname="peoplentech.mrsaleemtraining.dataprovider" name="f" time="3.195"/>
  <testcase classname="peoplentech.mrsaleemtraining.dataprovider" name="f" time="3.125"/>
  <testcase classname="peoplentech.mrsaleemtraining.dataprovider" name="f" time="3.159"/>
</testsuite> <!-- RegressionofEdge -->
