<?xml version="1.0" encoding="UTF-8"?>
<!-- Generated by org.testng.reporters.JUnitXMLReporter -->
<testsuite ignored="0" hostname="naimchowdhury-pc" failures="0" tests="3" name="Regression" time="48.03" errors="0" timestamp="2021-12-21T18:21:05 EST">
  <testcase classname="peoplentech.mrsaleemtraining.signinamazon" name="verificationoftext" time="1.57"/>
  <testcase classname="peoplentech.mrsaleemtraining.signinamazon" name="f" time="3.803"/>
  <testcase classname="peoplentech.mrsaleemtraining.amazoncreateaccount" name="f" time="22.102"/>
</testsuite> <!-- Regression -->
