<?xml version="1.0" encoding="UTF-8"?>
<testng-results ignored="0" total="1" passed="1" failed="0" skipped="0">
  <reporter-output>
  </reporter-output>
  <suite started-at="2022-01-19T20:08:24 EST" name="Default suite" finished-at="2022-01-19T20:08:34 EST" duration-ms="9820">
    <groups>
    </groups>
    <test started-at="2022-01-19T20:08:24 EST" name="Default test" finished-at="2022-01-19T20:08:34 EST" duration-ms="9820">
      <class name="peoplentech.mrsaleemtraining.testhome">
        <test-method is-config="true" signature="beforeMethod()[pri:0, instance:peoplentech.mrsaleemtraining.testhome@4d465b11]" started-at="2022-01-19T20:08:24 EST" name="beforeMethod" finished-at="2022-01-19T20:08:34 EST" duration-ms="9535" status="PASS">
          <reporter-output>
          </reporter-output>
        </test-method> <!-- beforeMethod -->
        <test-method signature="f()[pri:0, instance:peoplentech.mrsaleemtraining.testhome@4d465b11]" started-at="2022-01-19T20:08:34 EST" name="f" finished-at="2022-01-19T20:08:34 EST" duration-ms="252" status="PASS">
          <reporter-output>
          </reporter-output>
        </test-method> <!-- f -->
        <test-method is-config="true" signature="afterMethod()[pri:0, instance:peoplentech.mrsaleemtraining.testhome@4d465b11]" started-at="2022-01-19T20:08:34 EST" name="afterMethod" finished-at="2022-01-19T20:08:34 EST" duration-ms="1" status="PASS">
          <reporter-output>
          </reporter-output>
        </test-method> <!-- afterMethod -->
      </class> <!-- peoplentech.mrsaleemtraining.testhome -->
    </test> <!-- Default test -->
  </suite> <!-- Default suite -->
</testng-results>
